<?xml version="1.0" encoding="UTF-8"?>
<!-- Generated by org.testng.reporters.JUnitReportReporter -->
<testsuite skipped="0" hostname="LAPTOP-80ILKSPS" name="Branch_QA.Verify_EmployeeN" tests="7" failures="0" timestamp="28 Aug 2018 04:09:50 GMT" time="59.979" errors="0">
  <testcase name="Verify_Partner_Growth_Dept_EmpNames" time="10.735" classname="Branch_QA.Verify_EmployeeN"/>
  <testcase name="Verify_Operations_Dept_Emp_names" time="8.057" classname="Branch_QA.Verify_EmployeeN"/>
  <testcase name="verify_EngDept_Names" time="10.360" classname="Branch_QA.Verify_EmployeeN"/>
  <testcase name="Verify_Recruiting_Dept_EMpNames" time="7.688" classname="Branch_QA.Verify_EmployeeN"/>
  <testcase name="verifyDataDept_names" time="7.563" classname="Branch_QA.Verify_EmployeeN"/>
  <testcase name="Verify_Marketing_Dept_Names" time="8.536" classname="Branch_QA.Verify_EmployeeN"/>
  <testcase name="Verify_Product_Dept_Names" time="7.040" classname="Branch_QA.Verify_EmployeeN"/>
</testsuite> <!-- Branch_QA.Verify_EmployeeN -->
