<?xml version="1.0" encoding="UTF-8"?>
<!-- Generated by org.testng.reporters.JUnitReportReporter -->
<testsuite skipped="0" hostname="LAPTOP-80ILKSPS" name="Branch_QA.Verify_EmpDepartments" tests="7" failures="0" timestamp="16 Aug 2018 02:18:30 GMT" time="73.419" errors="0">
  <testcase name="Verify_Marketing_DeptNames" time="10.430" classname="Branch_QA.Verify_EmpDepartments"/>
  <testcase name="Verify_DataDeptNames" time="13.689" classname="Branch_QA.Verify_EmpDepartments"/>
  <testcase name="Verify_Partner_Growth_DeptNames" time="12.864" classname="Branch_QA.Verify_EmpDepartments"/>
  <testcase name="Verify_Operations_Deptnames" time="8.398" classname="Branch_QA.Verify_EmpDepartments"/>
  <testcase name="Verify_Recruiting_DeptNames" time="8.511" classname="Branch_QA.Verify_EmpDepartments"/>
  <testcase name="verify_EngDeptNames" time="10.973" classname="Branch_QA.Verify_EmpDepartments"/>
  <testcase name="Verify_Product_DeptNames" time="8.554" classname="Branch_QA.Verify_EmpDepartments"/>
</testsuite> <!-- Branch_QA.Verify_EmpDepartments -->
