<?xml version="1.0" encoding="UTF-8"?>
<!-- Generated by org.testng.reporters.JUnitReportReporter -->
<testsuite skipped="0" hostname="LAPTOP-80ILKSPS" name="Branch_QA.Verify_EmployeeN" tests="7" failures="0" timestamp="20 Aug 2018 22:48:42 GMT" time="72.752" errors="0">
  <testcase name="Verify_Partner_Growth_Dept_EmpNames" time="12.661" classname="Branch_QA.Verify_EmployeeN"/>
  <testcase name="Verify_Operations_Dept_Emp_names" time="9.311" classname="Branch_QA.Verify_EmployeeN"/>
  <testcase name="verify_EngDept_Names" time="11.543" classname="Branch_QA.Verify_EmployeeN"/>
  <testcase name="Verify_Recruiting_Dept_EMpNames" time="10.037" classname="Branch_QA.Verify_EmployeeN"/>
  <testcase name="verifyDataDept_names" time="9.865" classname="Branch_QA.Verify_EmployeeN"/>
  <testcase name="Verify_Marketing_Dept_Names" time="10.240" classname="Branch_QA.Verify_EmployeeN"/>
  <testcase name="Verify_Product_Dept_Names" time="9.095" classname="Branch_QA.Verify_EmployeeN"/>
</testsuite> <!-- Branch_QA.Verify_EmployeeN -->
