<?xml version="1.0" encoding="UTF-8"?>
<!-- Generated by org.testng.reporters.JUnitReportReporter -->
<testsuite skipped="0" hostname="LAPTOP-80ILKSPS" name="Branch_QA.Verify_EmpDepartments" tests="7" failures="0" timestamp="20 Aug 2018 22:48:42 GMT" time="68.683" errors="0">
  <testcase name="Verify_Partner_Growth_DeptNames" time="11.098" classname="Branch_QA.Verify_EmpDepartments"/>
  <testcase name="Verify_Marketing_DeptNames" time="10.087" classname="Branch_QA.Verify_EmpDepartments"/>
  <testcase name="Verify_Recruiting_DeptNames" time="7.228" classname="Branch_QA.Verify_EmpDepartments"/>
  <testcase name="Verify_Product_DeptNames" time="8.354" classname="Branch_QA.Verify_EmpDepartments"/>
  <testcase name="Verify_DataDeptNames" time="12.969" classname="Branch_QA.Verify_EmpDepartments"/>
  <testcase name="verify_EngDeptNames" time="10.735" classname="Branch_QA.Verify_EmpDepartments"/>
  <testcase name="Verify_Operations_Deptnames" time="8.212" classname="Branch_QA.Verify_EmpDepartments"/>
</testsuite> <!-- Branch_QA.Verify_EmpDepartments -->
