<?xml version="1.0" encoding="UTF-8"?>
<!-- Generated by org.testng.reporters.JUnitReportReporter -->
<testsuite skipped="0" hostname="LAPTOP-80ILKSPS" name="Branch_QA.Verify_EmployeeN" tests="7" failures="0" timestamp="16 Aug 2018 02:18:30 GMT" time="81.477" errors="0">
  <testcase name="Verify_Operations_Dept_Emp_names" time="16.359" classname="Branch_QA.Verify_EmployeeN"/>
  <testcase name="Verify_Partner_Growth_Dept_EmpNames" time="14.289" classname="Branch_QA.Verify_EmployeeN"/>
  <testcase name="Verify_Recruiting_Dept_EMpNames" time="8.891" classname="Branch_QA.Verify_EmployeeN"/>
  <testcase name="verifyDataDept_names" time="9.052" classname="Branch_QA.Verify_EmployeeN"/>
  <testcase name="Verify_Marketing_Dept_Names" time="10.755" classname="Branch_QA.Verify_EmployeeN"/>
  <testcase name="Verify_Product_Dept_Names" time="9.174" classname="Branch_QA.Verify_EmployeeN"/>
  <testcase name="verify_EngDept_Names" time="12.957" classname="Branch_QA.Verify_EmployeeN"/>
</testsuite> <!-- Branch_QA.Verify_EmployeeN -->
