<?xml version="1.0" encoding="UTF-8"?>
<!-- Generated by org.testng.reporters.JUnitReportReporter -->
<testsuite skipped="0" hostname="LAPTOP-80ILKSPS" name="Branch_QA.Verify_EmpDepartments" tests="7" failures="0" timestamp="30 Aug 2018 18:11:49 GMT" time="431.980" errors="0">
  <testcase name="Verify_Partner_Growth_DeptNames" time="25.401" classname="Branch_QA.Verify_EmpDepartments"/>
  <testcase name="Verify_Product_DeptNames" time="56.935" classname="Branch_QA.Verify_EmpDepartments"/>
  <testcase name="Verify_Marketing_DeptNames" time="106.661" classname="Branch_QA.Verify_EmpDepartments"/>
  <testcase name="Verify_DataDeptNames" time="73.479" classname="Branch_QA.Verify_EmpDepartments"/>
  <testcase name="Verify_Recruiting_DeptNames" time="67.604" classname="Branch_QA.Verify_EmpDepartments"/>
  <testcase name="verify_EngDeptNames" time="32.774" classname="Branch_QA.Verify_EmpDepartments"/>
  <testcase name="Verify_Operations_Deptnames" time="69.126" classname="Branch_QA.Verify_EmpDepartments"/>
</testsuite> <!-- Branch_QA.Verify_EmpDepartments -->
